Using pre-set license
Built from '2021.3/staging' branch; Version is '2021.3.11f1 (0a5ca18544bf) revision 679073'; Using compiler version '192829333'; Build Type 'Release'
OS: 'Windows 10  (10.0.19044) 64bit Professional' Language: 'hu' Physical Memory: 16345 MB
BatchMode: 1, IsHumanControllingUs: 0, StartBugReporterOnCrash: 0, Is64bit: 1, IsPro: 1

COMMAND LINE ARGUMENTS:
E:\Unity\2021.3.11f1\Editor\Unity.exe
-adb2
-batchMode
-noUpm
-name
AssetImportWorker0
-projectPath
E:/Szoftver projekt/Survival-Game-SzD/Szakdolgozat
-logFile
Logs/AssetImportWorker0.log
-srvPort
52542
Successfully changed project path to: E:/Szoftver projekt/Survival-Game-SzD/Szakdolgozat
E:/Szoftver projekt/Survival-Game-SzD/Szakdolgozat
[UnityMemory] Configuration Parameters - Can be set up in boot.config
    "memorysetup-bucket-allocator-granularity=16"
    "memorysetup-bucket-allocator-bucket-count=8"
    "memorysetup-bucket-allocator-block-size=33554432"
    "memorysetup-bucket-allocator-block-count=8"
    "memorysetup-main-allocator-block-size=16777216"
    "memorysetup-thread-allocator-block-size=16777216"
    "memorysetup-gfx-main-allocator-block-size=16777216"
    "memorysetup-gfx-thread-allocator-block-size=16777216"
    "memorysetup-cache-allocator-block-size=4194304"
    "memorysetup-typetree-allocator-block-size=2097152"
    "memorysetup-profiler-bucket-allocator-granularity=16"
    "memorysetup-profiler-bucket-allocator-bucket-count=8"
    "memorysetup-profiler-bucket-allocator-block-size=33554432"
    "memorysetup-profiler-bucket-allocator-block-count=8"
    "memorysetup-profiler-allocator-block-size=16777216"
    "memorysetup-profiler-editor-allocator-block-size=1048576"
    "memorysetup-temp-allocator-size-main=16777216"
    "memorysetup-job-temp-allocator-block-size=2097152"
    "memorysetup-job-temp-allocator-block-size-background=1048576"
    "memorysetup-job-temp-allocator-reduction-small-platforms=262144"
    "memorysetup-temp-allocator-size-background-worker=32768"
    "memorysetup-temp-allocator-size-job-worker=262144"
    "memorysetup-temp-allocator-size-preload-manager=33554432"
    "memorysetup-temp-allocator-size-nav-mesh-worker=65536"
    "memorysetup-temp-allocator-size-audio-worker=65536"
    "memorysetup-temp-allocator-size-cloud-worker=32768"
    "memorysetup-temp-allocator-size-gi-baking-worker=262144"
    "memorysetup-temp-allocator-size-gfx=262144"
Refreshing native plugins compatible for Editor in 136.39 ms, found 3 plugins.
Preloading 0 native plugins for Editor in 0.00 ms.
Initialize engine version: 2021.3.11f1 (0a5ca18544bf)
[Subsystems] Discovering subsystems at path E:/Unity/2021.3.11f1/Editor/Data/Resources/UnitySubsystems
[Subsystems] Discovering subsystems at path E:/Szoftver projekt/Survival-Game-SzD/Szakdolgozat/Assets
GfxDevice: creating device client; threaded=0; jobified=0
Direct3D:
    Version:  Direct3D 11.0 [level 11.1]
    Renderer: NVIDIA GeForce GTX 1070 (ID=0x1b81)
    Vendor:   NVIDIA
    VRAM:     8081 MB
    Driver:   31.0.15.2647
Initialize mono
Mono path[0] = 'E:/Unity/2021.3.11f1/Editor/Data/Managed'
Mono path[1] = 'E:/Unity/2021.3.11f1/Editor/Data/MonoBleedingEdge/lib/mono/unityjit-win32'
Mono config path = 'E:/Unity/2021.3.11f1/Editor/Data/MonoBleedingEdge/etc'
Using monoOptions --debugger-agent=transport=dt_socket,embedding=1,server=y,suspend=n,address=127.0.0.1:56108
Begin MonoManager ReloadAssembly
Registering precompiled unity dll's ...
Register platform support module: E:/Unity/2021.3.11f1/Editor/Data/PlaybackEngines/WindowsStandaloneSupport/UnityEditor.WindowsStandalone.Extensions.dll
Registered in 0.003318 seconds.
Native extension for WindowsStandalone target not found
Refreshing native plugins compatible for Editor in 126.33 ms, found 3 plugins.
Preloading 0 native plugins for Editor in 0.00 ms.
Mono: successfully reloaded assembly
- Completed reload, in  0.879 seconds
Domain Reload Profiling:
	ReloadAssembly (880ms)
		BeginReloadAssembly (111ms)
			ExecutionOrderSort (0ms)
			DisableScriptedObjects (0ms)
			BackupInstance (0ms)
			ReleaseScriptingObjects (0ms)
			CreateAndSetChildDomain (1ms)
		EndReloadAssembly (642ms)
			LoadAssemblies (110ms)
			RebuildTransferFunctionScriptingTraits (0ms)
			SetupTypeCache (126ms)
			ReleaseScriptCaches (0ms)
			RebuildScriptCaches (41ms)
			SetupLoadedEditorAssemblies (380ms)
				LogAssemblyErrors (0ms)
				InitializePlatformSupportModulesInManaged (11ms)
				SetLoadedEditorAssemblies (0ms)
				RefreshPlugins (126ms)
				BeforeProcessingInitializeOnLoad (1ms)
				ProcessInitializeOnLoadAttributes (184ms)
				ProcessInitializeOnLoadMethodAttributes (57ms)
				AfterProcessingInitializeOnLoad (0ms)
				EditorAssembliesLoaded (0ms)
			ExecutionOrderSort2 (0ms)
			AwakeInstancesAfterBackupRestoration (0ms)
Platform modules already initialized, skipping
Registering precompiled user dll's ...
Registered in 0.008451 seconds.
Begin MonoManager ReloadAssembly
Symbol file LoadedFromMemory doesn't match image E:\Szoftver projekt\Survival-Game-SzD\Szakdolgozat\Library\PackageCache\com.unity.visualscripting@1.7.8\Editor\VisualScripting.Core\Dependencies\YamlDotNet\Unity.VisualScripting.YamlDotNet.dll
Symbol file LoadedFromMemory doesn't match image E:\Szoftver projekt\Survival-Game-SzD\Szakdolgozat\Library\PackageCache\com.unity.visualscripting@1.7.8\Editor\VisualScripting.Core\Dependencies\DotNetZip\Unity.VisualScripting.IonicZip.dll
Native extension for WindowsStandalone target not found
Refreshing native plugins compatible for Editor in 0.69 ms, found 3 plugins.
Preloading 0 native plugins for Editor in 0.00 ms.
Mono: successfully reloaded assembly
- Completed reload, in  1.296 seconds
Domain Reload Profiling:
	ReloadAssembly (1297ms)
		BeginReloadAssembly (166ms)
			ExecutionOrderSort (0ms)
			DisableScriptedObjects (8ms)
			BackupInstance (0ms)
			ReleaseScriptingObjects (0ms)
			CreateAndSetChildDomain (23ms)
		EndReloadAssembly (985ms)
			LoadAssemblies (128ms)
			RebuildTransferFunctionScriptingTraits (0ms)
			SetupTypeCache (321ms)
			ReleaseScriptCaches (1ms)
			RebuildScriptCaches (66ms)
			SetupLoadedEditorAssemblies (450ms)
				LogAssemblyErrors (0ms)
				InitializePlatformSupportModulesInManaged (6ms)
				SetLoadedEditorAssemblies (1ms)
				RefreshPlugins (1ms)
				BeforeProcessingInitializeOnLoad (100ms)
				ProcessInitializeOnLoadAttributes (303ms)
				ProcessInitializeOnLoadMethodAttributes (36ms)
				AfterProcessingInitializeOnLoad (3ms)
				EditorAssembliesLoaded (0ms)
			ExecutionOrderSort2 (0ms)
			AwakeInstancesAfterBackupRestoration (9ms)
Platform modules already initialized, skipping
========================================================================
Worker process is ready to serve import requests
Launched and connected shader compiler UnityShaderCompiler.exe after 0.05 seconds
Refreshing native plugins compatible for Editor in 0.67 ms, found 3 plugins.
Preloading 0 native plugins for Editor in 0.00 ms.
Unloading 3479 Unused Serialized files (Serialized files now loaded: 0)
Unloading 26 unused Assets / (88.2 KB). Loaded Objects now: 3955.
Memory consumption went from 136.0 MB to 135.9 MB.
Total: 4.520600 ms (FindLiveObjects: 0.347600 ms CreateObjectMapping: 0.218500 ms MarkObjects: 3.715300 ms  DeleteObjects: 0.237600 ms)

AssetImportParameters requested are different than current active one (requested -> active):
  custom:video-decoder-ogg-theora: a1e56fd34408186e4bbccfd4996cb3dc -> 
  custom:container-muxer-webm: aa71ff27fc2769a1b78a27578f13a17b -> 
  custom:container-demuxer-webm: 4f35f7cbe854078d1ac9338744f61a02 -> 
  custom:video-encoder-webm-vp8: eb34c28f22e8b96e1ab97ce403110664 -> 
  custom:audio-encoder-webm-vorbis: bf7c407c2cedff20999df2af8eb42d56 -> 
  custom:framework-win-MediaFoundation: 216162199b28c13a410421893ffa2e32 -> 
  custom:container-demuxer-ogg: 62fdf1f143b41e24485cea50d1cbac27 -> 
  custom:video-decoder-webm-vp8: 9c59270c3fd7afecdb556c50c9e8de78 -> 
  custom:audio-decoder-ogg-vorbis: bf7c407c2cedff20999df2af8eb42d56 -> 
========================================================================
Received Import Request.
  Time since last request: 1008831.381678 seconds.
  path: Assets/Level.prefab
  artifactKey: Guid(5b79279d01ab1fc4b9f129446a649583) Importer(815301076,1909f56bfc062723c751e8b465ee728b)
Start importing Assets/Level.prefab using Guid(5b79279d01ab1fc4b9f129446a649583) Importer(815301076,1909f56bfc062723c751e8b465ee728b)  -> (artifact id: 'b7e23122a927466092a28d39357b8fd1') in 0.206028 seconds 
========================================================================
Received Import Request.
  Time since last request: 90.972806 seconds.
  path: Assets/Scripts
  artifactKey: Guid(9295745f3077f9848bac5e037d66b30c) Importer(815301076,1909f56bfc062723c751e8b465ee728b)
Start importing Assets/Scripts using Guid(9295745f3077f9848bac5e037d66b30c) Importer(815301076,1909f56bfc062723c751e8b465ee728b)  -> (artifact id: '266f5a821ee72fd8512a1c41b2abe68c') in 0.005553 seconds 
========================================================================
Received Import Request.
  Time since last request: 0.758173 seconds.
  path: Assets/Scripts/InventorySystem.cs
  artifactKey: Guid(18d386c6d3d1ea240a05c0c717302a5f) Importer(815301076,1909f56bfc062723c751e8b465ee728b)
Start importing Assets/Scripts/InventorySystem.cs using Guid(18d386c6d3d1ea240a05c0c717302a5f) Importer(815301076,1909f56bfc062723c751e8b465ee728b)  -> (artifact id: 'dcc9007011d2a68d61c6766fb2192639') in 0.015466 seconds 
========================================================================
Received Import Request.
  Time since last request: 0.847058 seconds.
  path: Assets/Scripts/InventoryItem.cs
  artifactKey: Guid(9095dfd2dad7ec54fb15edd7085c735b) Importer(815301076,1909f56bfc062723c751e8b465ee728b)
Start importing Assets/Scripts/InventoryItem.cs using Guid(9095dfd2dad7ec54fb15edd7085c735b) Importer(815301076,1909f56bfc062723c751e8b465ee728b)  -> (artifact id: '6e24d6163fa099bf9b4f17fd729b0b51') in 0.007306 seconds 
========================================================================
Received Import Request.
  Time since last request: 1.962121 seconds.
  path: Assets/Scripts/CaloriesBar.cs
  artifactKey: Guid(0f0fe84b102accf41b70c5d2e80316e9) Importer(815301076,1909f56bfc062723c751e8b465ee728b)
Start importing Assets/Scripts/CaloriesBar.cs using Guid(0f0fe84b102accf41b70c5d2e80316e9) Importer(815301076,1909f56bfc062723c751e8b465ee728b)  -> (artifact id: '3ec24e43e71fa1577e7b41cc0016d3d8') in 0.008116 seconds 
========================================================================
Received Import Request.
  Time since last request: 0.651395 seconds.
  path: Assets/Scripts/HydrationBar.cs
  artifactKey: Guid(2df20a923b2a1a14fb7740dc4a1cf011) Importer(815301076,1909f56bfc062723c751e8b465ee728b)
Start importing Assets/Scripts/HydrationBar.cs using Guid(2df20a923b2a1a14fb7740dc4a1cf011) Importer(815301076,1909f56bfc062723c751e8b465ee728b)  -> (artifact id: '6eeb5ff375e70f3da103992ab8ebbf2e') in 0.007160 seconds 
========================================================================
Received Import Request.
  Time since last request: 0.134866 seconds.
  path: Assets/Scripts/SelectionManager.cs
  artifactKey: Guid(a48d7af05db7d8e41ba31be3e8f03b48) Importer(815301076,1909f56bfc062723c751e8b465ee728b)
Start importing Assets/Scripts/SelectionManager.cs using Guid(a48d7af05db7d8e41ba31be3e8f03b48) Importer(815301076,1909f56bfc062723c751e8b465ee728b)  -> (artifact id: '3afe324710247d829db41ecc006f4ada') in 0.008966 seconds 
========================================================================
Received Import Request.
  Time since last request: 301.621318 seconds.
  path: Assets/Resources/Axe.prefab
  artifactKey: Guid(81ca4b2ea48cedc48a22f334cba4426b) Importer(815301076,1909f56bfc062723c751e8b465ee728b)
Start importing Assets/Resources/Axe.prefab using Guid(81ca4b2ea48cedc48a22f334cba4426b) Importer(815301076,1909f56bfc062723c751e8b465ee728b)  -> (artifact id: '9a50b1ce3a65bbee2f065fa1a3ddd7aa') in 0.012767 seconds 
========================================================================
Received Import Request.
  Time since last request: 0.000021 seconds.
  path: Assets/Resources/Stone.prefab
  artifactKey: Guid(03dfa8026654d1e41b7f822535decd1b) Importer(815301076,1909f56bfc062723c751e8b465ee728b)
Start importing Assets/Resources/Stone.prefab using Guid(03dfa8026654d1e41b7f822535decd1b) Importer(815301076,1909f56bfc062723c751e8b465ee728b)  -> (artifact id: 'a200e6555f43eac398b5baa81e050722') in 0.013455 seconds 
========================================================================
Received Import Request.
  Time since last request: 0.000018 seconds.
  path: Assets/Resources/Stick.prefab
  artifactKey: Guid(ec923da38861dd648a2539c7e2311114) Importer(815301076,1909f56bfc062723c751e8b465ee728b)
Start importing Assets/Resources/Stick.prefab using Guid(ec923da38861dd648a2539c7e2311114) Importer(815301076,1909f56bfc062723c751e8b465ee728b)  -> (artifact id: '98022b0c80e1bb55b0df280e733ea920') in 0.013248 seconds 
========================================================================
Received Import Request.
  Time since last request: 7.949856 seconds.
  path: Assets/Resources/Axe.prefab
  artifactKey: Guid(81ca4b2ea48cedc48a22f334cba4426b) Importer(815301076,1909f56bfc062723c751e8b465ee728b)
Start importing Assets/Resources/Axe.prefab using Guid(81ca4b2ea48cedc48a22f334cba4426b) Importer(815301076,1909f56bfc062723c751e8b465ee728b)  -> (artifact id: 'cdda87c9b840cac1ab8b6180143b5db3') in 0.007708 seconds 
========================================================================
Received Import Request.
  Time since last request: 0.000026 seconds.
  path: Assets/Resources/Stone.prefab
  artifactKey: Guid(03dfa8026654d1e41b7f822535decd1b) Importer(815301076,1909f56bfc062723c751e8b465ee728b)
Start importing Assets/Resources/Stone.prefab using Guid(03dfa8026654d1e41b7f822535decd1b) Importer(815301076,1909f56bfc062723c751e8b465ee728b)  -> (artifact id: 'a0cdc342fd29b9391a65e260cb067d0a') in 0.006754 seconds 
========================================================================
Received Import Request.
  Time since last request: 0.000027 seconds.
  path: Assets/Resources/Stick.prefab
  artifactKey: Guid(ec923da38861dd648a2539c7e2311114) Importer(815301076,1909f56bfc062723c751e8b465ee728b)
Start importing Assets/Resources/Stick.prefab using Guid(ec923da38861dd648a2539c7e2311114) Importer(815301076,1909f56bfc062723c751e8b465ee728b)  -> (artifact id: 'af6d56689560891d3b5a4e4c340b442e') in 0.008173 seconds 
========================================================================
Received Import Request.
  Time since last request: 5.896383 seconds.
  path: Assets/Resources/Axe.prefab
  artifactKey: Guid(81ca4b2ea48cedc48a22f334cba4426b) Importer(815301076,1909f56bfc062723c751e8b465ee728b)
Start importing Assets/Resources/Axe.prefab using Guid(81ca4b2ea48cedc48a22f334cba4426b) Importer(815301076,1909f56bfc062723c751e8b465ee728b)  -> (artifact id: '6e3865d5f60665070c2f89afc83c05aa') in 0.007402 seconds 
========================================================================
Received Import Request.
  Time since last request: 0.000030 seconds.
  path: Assets/Resources/Stone.prefab
  artifactKey: Guid(03dfa8026654d1e41b7f822535decd1b) Importer(815301076,1909f56bfc062723c751e8b465ee728b)
Start importing Assets/Resources/Stone.prefab using Guid(03dfa8026654d1e41b7f822535decd1b) Importer(815301076,1909f56bfc062723c751e8b465ee728b)  -> (artifact id: '6c42b05fe3f18668e4016685ee9f0a6c') in 0.006892 seconds 
========================================================================
Received Import Request.
  Time since last request: 0.000030 seconds.
  path: Assets/Resources/Stick.prefab
  artifactKey: Guid(ec923da38861dd648a2539c7e2311114) Importer(815301076,1909f56bfc062723c751e8b465ee728b)
Start importing Assets/Resources/Stick.prefab using Guid(ec923da38861dd648a2539c7e2311114) Importer(815301076,1909f56bfc062723c751e8b465ee728b)  -> (artifact id: 'a00ecdb773087711b9f90e702c1e19e3') in 0.006192 seconds 
========================================================================
Received Import Request.
  Time since last request: 714.566951 seconds.
  path: Assets/Scripts/InventorySystem.cs
  artifactKey: Guid(18d386c6d3d1ea240a05c0c717302a5f) Importer(815301076,1909f56bfc062723c751e8b465ee728b)
Start importing Assets/Scripts/InventorySystem.cs using Guid(18d386c6d3d1ea240a05c0c717302a5f) Importer(815301076,1909f56bfc062723c751e8b465ee728b)  -> (artifact id: '6aae81ff6f236ceead55733af4354fa4') in 0.003410 seconds 
